build/intermediates/manifest_merge_blame_file/debug/manifest-merger-blame-debug-report.txt
1<?xml version="1.0" encoding="utf-8"?>
2<manifest xmlns:android="http://schemas.android.com/apk/res/android"
3    package="com.sanapps.publickhabartoday"
4    android:versionCode="1"
5    android:versionName="1.0" >
6
7    <uses-sdk
8        android:minSdkVersion="21"
8-->src\main\AndroidManifest.xml
9        android:targetSdkVersion="29" />
9-->src\main\AndroidManifest.xml
10
11    <uses-permission android:name="android.permission.INTERNET" />
11-->src\main\AndroidManifest.xml:5:5-67
11-->src\main\AndroidManifest.xml:5:22-64
12
13    <application
13-->src\main\AndroidManifest.xml:7:5-37:19
14        android:allowBackup="true"
14-->src\main\AndroidManifest.xml:8:9-35
15        android:appComponentFactory="androidx.core.app.CoreComponentFactory"
15-->[androidx.core:core:1.3.1] AndroidManifest.xml:24:18-86
16        android:debuggable="true"
17        android:icon="@mipmap/ic_launcher"
17-->src\main\AndroidManifest.xml:9:9-43
18        android:label="@string/app_name"
18-->src\main\AndroidManifest.xml:10:9-41
19        android:roundIcon="@mipmap/ic_launcher_round"
19-->src\main\AndroidManifest.xml:11:9-54
20        android:supportsRtl="true"
20-->src\main\AndroidManifest.xml:12:9-35
21        android:theme="@style/Theme.PublicKhabarToday" >
21-->src\main\AndroidManifest.xml:13:9-55
22        <activity
22-->src\main\AndroidManifest.xml:14:9-21:20
23            android:name="com.sanapps.publickhabartoday.FullNewsActivity"
23-->src\main\AndroidManifest.xml:15:13-45
24            android:label="@string/title_activity_full_news"
24-->src\main\AndroidManifest.xml:16:13-61
25            android:parentActivityName="com.sanapps.publickhabartoday.MainActivity"
25-->src\main\AndroidManifest.xml:18:13-55
26            android:theme="@style/Theme.PublicKhabarToday.NoActionBar" >
26-->src\main\AndroidManifest.xml:17:13-71
27        </activity>
28        <activity android:name="com.sanapps.publickhabartoday.SplashActivity" >
28-->src\main\AndroidManifest.xml:22:9-28:20
28-->src\main\AndroidManifest.xml:22:19-49
29            <intent-filter>
29-->src\main\AndroidManifest.xml:23:13-27:29
30                <action android:name="android.intent.action.MAIN" />
30-->src\main\AndroidManifest.xml:24:17-69
30-->src\main\AndroidManifest.xml:24:25-66
31
32                <category android:name="android.intent.category.LAUNCHER" />
32-->src\main\AndroidManifest.xml:26:17-77
32-->src\main\AndroidManifest.xml:26:27-74
33            </intent-filter>
34        </activity>
35        <activity android:name="com.sanapps.publickhabartoday.MainActivity" >
35-->src\main\AndroidManifest.xml:30:9-32:20
35-->src\main\AndroidManifest.xml:30:19-47
36        </activity>
37
38        <meta-data
38-->src\main\AndroidManifest.xml:34:9-36:57
39            android:name="preloaded_fonts"
39-->src\main\AndroidManifest.xml:35:13-43
40            android:resource="@array/preloaded_fonts" />
40-->src\main\AndroidManifest.xml:36:13-54
41    </application>
42
43</manifest>